2024-12-05 13:12:07.557064 - Seleccionando contenedor filterscorenegative_0 para matar...
2024-12-05 13:12:07.779253 - Contenedor filterscorenegative_0 ha sido matado con SIGKILL
2024-12-05 13:12:17.829366 - Seleccionando contenedor selectidnameindie_0 para matar...
2024-12-05 13:12:18.057500 - Contenedor selectidnameindie_0 ha sido matado con SIGKILL
2024-12-05 13:12:28.152337 - Seleccionando contenedor monitorstorageq4 para matar...
2024-12-05 13:12:28.433842 - Contenedor monitorstorageq4 ha sido matado con SIGKILL
2024-12-05 13:12:38.530264 - Seleccionando contenedor platformreducer para matar...
2024-12-05 13:12:38.705901 - Contenedor platformreducer ha sido matado con SIGKILL
2024-12-05 13:12:48.789465 - Seleccionando contenedor selectidnameaction_1 para matar...
2024-12-05 13:12:48.925119 - Contenedor selectidnameaction_1 ha sido matado con SIGKILL
2024-12-05 13:12:59.011572 - Seleccionando contenedor filterbasic_0 para matar...
2024-12-05 13:12:59.170394 - Contenedor filterbasic_0 ha sido matado con SIGKILL
2024-12-05 13:13:09.203401 - Seleccionando contenedor groupertopreviewspositiveindie para matar...
2024-12-05 13:13:09.404867 - Contenedor groupertopreviewspositiveindie ha sido matado con SIGKILL
2024-12-05 13:13:19.464436 - Seleccionando contenedor filtergender_0 para matar...
2024-12-05 13:13:19.718617 - Contenedor filtergender_0 ha sido matado con SIGKILL
2024-12-05 13:13:29.760660 - Seleccionando contenedor filterbasic_1 para matar...
2024-12-05 13:13:29.886062 - Contenedor filterbasic_1 ha sido matado con SIGKILL
2024-12-05 13:13:39.925474 - Seleccionando contenedor filterbasic_0 para matar...
2024-12-05 13:13:40.059247 - Contenedor filterbasic_0 ha sido matado con SIGKILL
2024-12-05 13:13:50.146368 - Seleccionando contenedor filterscorepositive_1 para matar...
2024-12-05 13:13:50.397212 - Contenedor filterscorepositive_1 ha sido matado con SIGKILL
2024-12-05 13:14:00.426893 - Seleccionando contenedor selectq1_1 para matar...
2024-12-05 13:14:00.694109 - Contenedor selectq1_1 ha sido matado con SIGKILL
2024-12-05 13:14:10.753438 - Seleccionando contenedor monitorstorageq4 para matar...
2024-12-05 13:14:10.936751 - Contenedor monitorstorageq4 ha sido matado con SIGKILL
2024-12-05 13:14:21.018684 - Seleccionando contenedor monitorstorageq3 para matar...
2024-12-05 13:14:21.297920 - Contenedor monitorstorageq3 ha sido matado con SIGKILL
2024-12-05 13:14:31.372748 - Seleccionando contenedor filterscorepositive_0 para matar...
2024-12-05 13:14:31.638906 - Contenedor filterscorepositive_0 ha sido matado con SIGKILL
2024-12-05 13:14:41.722653 - Seleccionando contenedor selectidnameindie_0 para matar...
2024-12-05 13:14:42.046538 - Contenedor selectidnameindie_0 ha sido matado con SIGKILL
2024-12-05 13:14:52.077405 - Seleccionando contenedor filterreviewenglish_0 para matar...
2024-12-05 13:14:52.222463 - Contenedor filterreviewenglish_0 ha sido matado con SIGKILL
2024-12-05 13:15:02.265831 - Seleccionando contenedor filterscorenegative_0 para matar...
2024-12-05 13:15:02.399099 - Contenedor filterscorenegative_0 ha sido matado con SIGKILL
2024-12-05 13:15:12.480189 - Seleccionando contenedor monitorstorageq3 para matar...
2024-12-05 13:15:12.717236 - Contenedor monitorstorageq3 ha sido matado con SIGKILL
2024-12-05 13:15:22.796240 - Seleccionando contenedor filterscorenegative_1 para matar...
2024-12-05 13:15:23.113679 - Contenedor filterscorenegative_1 ha sido matado con SIGKILL
2024-12-05 13:15:33.193998 - Seleccionando contenedor selectq2345_1 para matar...
2024-12-05 13:15:33.494432 - Contenedor selectq2345_1 ha sido matado con SIGKILL
2024-12-05 13:15:43.542310 - Seleccionando contenedor selectq1_0 para matar...
2024-12-05 13:15:43.682585 - Contenedor selectq1_0 ha sido matado con SIGKILL
2024-12-05 13:15:53.761595 - Seleccionando contenedor medic_0 para matar...
2024-12-05 13:15:54.001568 - Contenedor medic_0 ha sido matado con SIGKILL
2024-12-05 13:16:04.075102 - Seleccionando contenedor filterreviewenglish_1 para matar...
2024-12-05 13:16:04.261520 - Contenedor filterreviewenglish_1 ha sido matado con SIGKILL
2024-12-05 13:16:14.301484 - Seleccionando contenedor filterbasic_1 para matar...
2024-12-05 13:16:14.438227 - Contenedor filterbasic_1 ha sido matado con SIGKILL
2024-12-05 13:16:24.543476 - Seleccionando contenedor monitorstorageq5 para matar...
2024-12-05 13:16:24.745873 - Contenedor monitorstorageq5 ha sido matado con SIGKILL

=== Nueva ejecucion: 2024-12-05 19:31:18.698280 ===
2024-12-05 19:31:18.769612 - Seleccionando contenedor filterscorenegative_0 para matar...
2024-12-05 19:31:19.186498 - Contenedor filterscorenegative_0 ha sido matado con SIGKILL
2024-12-05 19:31:29.240316 - Seleccionando contenedor medic_3 para matar...
2024-12-05 19:31:36.502297 - Contenedor medic_3 ha sido matado con SIGKILL
2024-12-05 19:31:47.261830 - Seleccionando contenedor filterscorepositive_1 para matar...
2024-12-05 19:31:48.308692 - Contenedor filterscorepositive_1 ha sido matado con SIGKILL
2024-12-05 19:31:58.360698 - Seleccionando contenedor filterdecade_1 para matar...
2024-12-05 19:31:58.710892 - Contenedor filterdecade_1 ha sido matado con SIGKILL
2024-12-05 19:32:08.752357 - Seleccionando contenedor filterscorenegative_0 para matar...
2024-12-05 19:32:09.122094 - Contenedor filterscorenegative_0 ha sido matado con SIGKILL
2024-12-05 19:32:19.385837 - Seleccionando contenedor monitorstorageq4 para matar...
2024-12-05 19:32:20.286293 - Contenedor monitorstorageq4 ha sido matado con SIGKILL
2024-12-05 19:32:30.430457 - Seleccionando contenedor medic_2 para matar...
2024-12-05 19:32:33.355399 - Contenedor medic_2 ha sido matado con SIGKILL
2024-12-05 19:32:43.415778 - Seleccionando contenedor filterbasic_1 para matar...
2024-12-05 19:32:43.704602 - Contenedor filterbasic_1 ha sido matado con SIGKILL
2024-12-05 19:32:53.762163 - Seleccionando contenedor monitorjoinerq4 para matar...
2024-12-05 19:32:54.488061 - Contenedor monitorjoinerq4 ha sido matado con SIGKILL
2024-12-05 19:33:04.536942 - Seleccionando contenedor selectq1_0 para matar...
2024-12-05 19:33:05.005470 - Contenedor selectq1_0 ha sido matado con SIGKILL
2024-12-05 19:33:15.049814 - Seleccionando contenedor filterdecade_1 para matar...
2024-12-05 19:33:15.588127 - Contenedor filterdecade_1 ha sido matado con SIGKILL
2024-12-05 19:33:25.645209 - Seleccionando contenedor monitorstorageq3 para matar...
2024-12-05 19:33:27.658904 - Contenedor monitorstorageq3 ha sido matado con SIGKILL
2024-12-05 19:33:37.837369 - Seleccionando contenedor medic_1 para matar...
2024-12-05 19:33:39.542545 - Contenedor medic_1 ha sido matado con SIGKILL
2024-12-05 19:33:49.576684 - Seleccionando contenedor filterscorenegative_0 para matar...
2024-12-05 19:33:53.565371 - Contenedor filterscorenegative_0 ha sido matado con SIGKILL
2024-12-05 19:34:03.601069 - Seleccionando contenedor filterscorenegative_1 para matar...
2024-12-05 19:34:05.136118 - Contenedor filterscorenegative_1 ha sido matado con SIGKILL
2024-12-05 19:34:15.183932 - Seleccionando contenedor filterdecade_0 para matar...
2024-12-05 19:34:18.618368 - Contenedor filterdecade_0 ha sido matado con SIGKILL
2024-12-05 19:34:28.665552 - Seleccionando contenedor medic_3 para matar...
2024-12-05 19:34:30.701408 - Contenedor medic_3 ha sido matado con SIGKILL
2024-12-05 19:34:40.763736 - Seleccionando contenedor selectidnameaction_0 para matar...
2024-12-05 19:34:44.274602 - Contenedor selectidnameaction_0 ha sido matado con SIGKILL
2024-12-05 19:34:54.324171 - Seleccionando contenedor selectidnameaction_1 para matar...
2024-12-05 19:34:57.891388 - Contenedor selectidnameaction_1 ha sido matado con SIGKILL
2024-12-05 19:35:07.955387 - Seleccionando contenedor medic_2 para matar...
2024-12-05 19:35:11.620982 - Contenedor medic_2 ha sido matado con SIGKILL
2024-12-05 19:35:21.690280 - Seleccionando contenedor groupertopreviewspositiveindie para matar...
2024-12-05 19:35:24.876334 - Contenedor groupertopreviewspositiveindie ha sido matado con SIGKILL
2024-12-05 19:35:34.925397 - Seleccionando contenedor selectidnameaction_1 para matar...
2024-12-05 19:35:38.492716 - Contenedor selectidnameaction_1 ha sido matado con SIGKILL
2024-12-05 19:35:48.540643 - Seleccionando contenedor filterreviewenglish_1 para matar...
2024-12-05 19:35:48.776122 - Contenedor filterreviewenglish_1 ha sido matado con SIGKILL
2024-12-05 19:35:58.831897 - Seleccionando contenedor filtergender_0 para matar...
2024-12-05 19:35:59.190677 - Contenedor filtergender_0 ha sido matado con SIGKILL
2024-12-05 19:36:09.259065 - Seleccionando contenedor groupertopreviewspositiveindie para matar...
2024-12-05 19:36:09.683001 - Contenedor groupertopreviewspositiveindie ha sido matado con SIGKILL
2024-12-05 19:36:19.752807 - Seleccionando contenedor selectq2345_1 para matar...
2024-12-05 19:36:21.456466 - Contenedor selectq2345_1 ha sido matado con SIGKILL
2024-12-05 19:36:31.528005 - Seleccionando contenedor selectq1_0 para matar...
2024-12-05 19:36:33.224349 - Contenedor selectq1_0 ha sido matado con SIGKILL
2024-12-05 19:36:43.283719 - Seleccionando contenedor selectidnameaction_1 para matar...
2024-12-05 19:36:44.511360 - Contenedor selectidnameaction_1 ha sido matado con SIGKILL
2024-12-05 19:36:54.585186 - Seleccionando contenedor filterscorepositive_1 para matar...
2024-12-05 19:36:56.340246 - Contenedor filterscorepositive_1 ha sido matado con SIGKILL
2024-12-05 19:37:06.406484 - Seleccionando contenedor platformcounter_0 para matar...
2024-12-05 19:37:08.015909 - Contenedor platformcounter_0 ha sido matado con SIGKILL
2024-12-05 19:37:18.069292 - Seleccionando contenedor groupertopaverageplaytime para matar...
2024-12-05 19:37:18.208945 - Contenedor groupertopaverageplaytime ha sido matado con SIGKILL
2024-12-05 19:37:28.242062 - Seleccionando contenedor medic_2 para matar...
2024-12-05 19:37:28.391756 - Contenedor medic_2 ha sido matado con SIGKILL
2024-12-05 19:37:38.415646 - Seleccionando contenedor groupertopreviewspositiveindie para matar...
2024-12-05 19:37:38.547858 - Contenedor groupertopreviewspositiveindie ha sido matado con SIGKILL
2024-12-05 19:37:48.609542 - Seleccionando contenedor gateway para matar...
2024-12-05 19:37:48.762528 - Contenedor gateway ha sido matado con SIGKILL
2024-12-05 19:37:58.830919 - Seleccionando contenedor selectq2345_1 para matar...
2024-12-05 19:37:58.972491 - Contenedor selectq2345_1 ha sido matado con SIGKILL
2024-12-05 19:38:09.023781 - Seleccionando contenedor filterscorepositive_0 para matar...
2024-12-05 19:38:09.167191 - Contenedor filterscorepositive_0 ha sido matado con SIGKILL
2024-12-05 19:38:19.235784 - Seleccionando contenedor monitorstorageq4 para matar...
2024-12-05 19:38:19.369406 - Contenedor monitorstorageq4 ha sido matado con SIGKILL
2024-12-05 19:38:29.396627 - Seleccionando contenedor filterdecade_0 para matar...
2024-12-05 19:38:29.545664 - Contenedor filterdecade_0 ha sido matado con SIGKILL
2024-12-05 19:38:39.567559 - Seleccionando contenedor filterdecade_1 para matar...
2024-12-05 19:38:39.697329 - Contenedor filterdecade_1 ha sido matado con SIGKILL
2024-12-05 19:38:49.767158 - Seleccionando contenedor filterscorepositive_0 para matar...
2024-12-05 19:38:49.931567 - Contenedor filterscorepositive_0 ha sido matado con SIGKILL
2024-12-05 19:38:59.985641 - Seleccionando contenedor selectq1_1 para matar...
2024-12-05 19:39:00.128484 - Contenedor selectq1_1 ha sido matado con SIGKILL
2024-12-05 19:39:10.167221 - Seleccionando contenedor filterbasic_1 para matar...
2024-12-05 19:39:10.312950 - Contenedor filterbasic_1 ha sido matado con SIGKILL
2024-12-05 19:39:20.369054 - Seleccionando contenedor filterscorepositive_0 para matar...
2024-12-05 19:39:20.541173 - Contenedor filterscorepositive_0 ha sido matado con SIGKILL
2024-12-05 19:39:30.609975 - Seleccionando contenedor selectidnameindie_1 para matar...
2024-12-05 19:39:30.741320 - Contenedor selectidnameindie_1 ha sido matado con SIGKILL
2024-12-05 19:39:40.804834 - Seleccionando contenedor filterscorepositive_0 para matar...
2024-12-05 19:39:40.941847 - Contenedor filterscorepositive_0 ha sido matado con SIGKILL
2024-12-05 19:39:51.006191 - Seleccionando contenedor medic_1 para matar...
2024-12-05 19:39:51.141682 - Contenedor medic_1 ha sido matado con SIGKILL
2024-12-05 19:40:01.168851 - Seleccionando contenedor platformreducer para matar...
2024-12-05 19:40:01.306148 - Contenedor platformreducer ha sido matado con SIGKILL
2024-12-05 19:40:11.357718 - Seleccionando contenedor filterdecade_0 para matar...
2024-12-05 19:40:11.477365 - Contenedor filterdecade_0 ha sido matado con SIGKILL
2024-12-05 19:40:21.540794 - Seleccionando contenedor filterscorenegative_1 para matar...
2024-12-05 19:40:21.678261 - Contenedor filterscorenegative_1 ha sido matado con SIGKILL
2024-12-05 19:40:31.728937 - Seleccionando contenedor groupertopreviewspositiveindie para matar...
2024-12-05 19:40:31.868202 - Contenedor groupertopreviewspositiveindie ha sido matado con SIGKILL
2024-12-05 19:40:41.958627 - Seleccionando contenedor platformcounter_0 para matar...
2024-12-05 19:40:42.183294 - Contenedor platformcounter_0 ha sido matado con SIGKILL
2024-12-05 19:40:52.260474 - Seleccionando contenedor platformreducer para matar...
2024-12-05 19:40:52.396322 - Contenedor platformreducer ha sido matado con SIGKILL
2024-12-05 19:41:02.437640 - Seleccionando contenedor monitorjoinerq4 para matar...
2024-12-05 19:41:02.631050 - Contenedor monitorjoinerq4 ha sido matado con SIGKILL
2024-12-05 19:41:12.688120 - Seleccionando contenedor selectq1_1 para matar...
2024-12-05 19:41:12.826300 - Contenedor selectq1_1 ha sido matado con SIGKILL
2024-12-05 19:41:22.897591 - Seleccionando contenedor medic_2 para matar...
2024-12-05 19:41:23.088470 - Contenedor medic_2 ha sido matado con SIGKILL
2024-12-05 19:41:33.115938 - Seleccionando contenedor filterdecade_1 para matar...
2024-12-05 19:41:33.248682 - Contenedor filterdecade_1 ha sido matado con SIGKILL
2024-12-05 19:41:43.323301 - Seleccionando contenedor monitorstorageq3 para matar...
2024-12-05 19:41:43.474336 - Contenedor monitorstorageq3 ha sido matado con SIGKILL
2024-12-05 19:41:53.568486 - Seleccionando contenedor monitorstorageq4 para matar...
2024-12-05 19:41:53.854714 - Contenedor monitorstorageq4 ha sido matado con SIGKILL
2024-12-05 19:42:03.929464 - Seleccionando contenedor monitorstorageq5 para matar...
2024-12-05 19:42:04.069601 - Contenedor monitorstorageq5 ha sido matado con SIGKILL
2024-12-05 19:42:14.132014 - Seleccionando contenedor filterdecade_0 para matar...
2024-12-05 19:42:14.297403 - Contenedor filterdecade_0 ha sido matado con SIGKILL
2024-12-05 19:42:24.347494 - Seleccionando contenedor medic_0 para matar...
2024-12-05 19:42:24.492470 - Contenedor medic_0 ha sido matado con SIGKILL
2024-12-05 19:42:34.519508 - Seleccionando contenedor filterdecade_0 para matar...
2024-12-05 19:42:34.736048 - Contenedor filterdecade_0 ha sido matado con SIGKILL
2024-12-05 19:42:44.789493 - Seleccionando contenedor platformcounter_0 para matar...
2024-12-05 19:42:44.949933 - Contenedor platformcounter_0 ha sido matado con SIGKILL
2024-12-05 19:42:54.976337 - Seleccionando contenedor filterscorenegative_1 para matar...
2024-12-05 19:42:55.129682 - Contenedor filterscorenegative_1 ha sido matado con SIGKILL
2024-12-05 19:43:05.202906 - Seleccionando contenedor filterreviewenglish_0 para matar...
2024-12-05 19:43:05.338293 - Contenedor filterreviewenglish_0 ha sido matado con SIGKILL
2024-12-05 19:43:15.403898 - Seleccionando contenedor monitorstorageq4 para matar...
2024-12-05 19:43:15.557118 - Contenedor monitorstorageq4 ha sido matado con SIGKILL
2024-12-05 19:43:25.630914 - Seleccionando contenedor filterbasic_0 para matar...
2024-12-05 19:43:25.766206 - Contenedor filterbasic_0 ha sido matado con SIGKILL
2024-12-05 19:43:35.814982 - Seleccionando contenedor groupertopaverageplaytime para matar...
2024-12-05 19:43:35.944343 - Contenedor groupertopaverageplaytime ha sido matado con SIGKILL
2024-12-05 19:43:45.999852 - Seleccionando contenedor monitorjoinerq4 para matar...
2024-12-05 19:43:46.137754 - Contenedor monitorjoinerq4 ha sido matado con SIGKILL
2024-12-05 19:43:56.189042 - Seleccionando contenedor monitorjoinerq4 para matar...
2024-12-05 19:43:56.332805 - Contenedor monitorjoinerq4 ha sido matado con SIGKILL
2024-12-05 19:44:06.356782 - Seleccionando contenedor selectidnameaction_1 para matar...
2024-12-05 19:44:06.484161 - Contenedor selectidnameaction_1 ha sido matado con SIGKILL
2024-12-05 19:44:16.551079 - Seleccionando contenedor selectq1_1 para matar...
2024-12-05 19:44:16.723107 - Contenedor selectq1_1 ha sido matado con SIGKILL
2024-12-05 19:44:26.758786 - Seleccionando contenedor filterbasic_1 para matar...
2024-12-05 19:44:26.899617 - Contenedor filterbasic_1 ha sido matado con SIGKILL
2024-12-05 19:44:36.965763 - Seleccionando contenedor medic_1 para matar...
2024-12-05 19:44:37.120108 - Contenedor medic_1 ha sido matado con SIGKILL
2024-12-05 19:44:47.144694 - Seleccionando contenedor medic_3 para matar...
2024-12-05 19:44:47.270454 - Contenedor medic_3 ha sido matado con SIGKILL
2024-12-05 19:44:57.303243 - Seleccionando contenedor selectidnameindie_1 para matar...
2024-12-05 19:44:57.484028 - Contenedor selectidnameindie_1 ha sido matado con SIGKILL
2024-12-05 19:45:07.505585 - Seleccionando contenedor monitorstorageq4 para matar...
2024-12-05 19:45:07.638892 - Contenedor monitorstorageq4 ha sido matado con SIGKILL
2024-12-05 19:45:17.678249 - Seleccionando contenedor platformcounter_0 para matar...
2024-12-05 19:45:17.818243 - Contenedor platformcounter_0 ha sido matado con SIGKILL
2024-12-05 19:45:27.872582 - Seleccionando contenedor filterscorepositive_1 para matar...
2024-12-05 19:45:27.998102 - Contenedor filterscorepositive_1 ha sido matado con SIGKILL

=== Nueva ejecucion: 2024-12-05 19:56:13.450373 ===
2024-12-05 19:56:13.498030 - Seleccionando contenedor medic_2 para matar...
2024-12-05 19:56:14.273440 - Contenedor medic_2 ha sido matado con SIGKILL
2024-12-05 19:56:24.339026 - Seleccionando contenedor selectq2345_1 para matar...
2024-12-05 19:56:24.890127 - Contenedor selectq2345_1 ha sido matado con SIGKILL
2024-12-05 19:56:34.970867 - Seleccionando contenedor platformcounter_0 para matar...
2024-12-05 19:56:35.562433 - Contenedor platformcounter_0 ha sido matado con SIGKILL
2024-12-05 19:56:45.638020 - Seleccionando contenedor platformcounter_0 para matar...
2024-12-05 19:56:46.356486 - Contenedor platformcounter_0 ha sido matado con SIGKILL
2024-12-05 19:56:56.395209 - Seleccionando contenedor filterreviewenglish_1 para matar...
2024-12-05 19:56:57.033131 - Contenedor filterreviewenglish_1 ha sido matado con SIGKILL
2024-12-05 19:57:07.126443 - Seleccionando contenedor filterscorepositive_0 para matar...
2024-12-05 19:57:07.672363 - Contenedor filterscorepositive_0 ha sido matado con SIGKILL
2024-12-05 19:57:17.735528 - Seleccionando contenedor selectidnameaction_1 para matar...
2024-12-05 19:57:18.036082 - Contenedor selectidnameaction_1 ha sido matado con SIGKILL
2024-12-05 19:57:28.128745 - Seleccionando contenedor filterdecade_1 para matar...
2024-12-05 19:57:28.522220 - Contenedor filterdecade_1 ha sido matado con SIGKILL
2024-12-05 19:57:38.588229 - Seleccionando contenedor selectidnameaction_1 para matar...
2024-12-05 19:57:39.185722 - Contenedor selectidnameaction_1 ha sido matado con SIGKILL
2024-12-05 19:57:49.307880 - Seleccionando contenedor gateway para matar...
2024-12-05 19:57:50.144494 - Contenedor gateway ha sido matado con SIGKILL
2024-12-05 19:58:00.174140 - Seleccionando contenedor medic_2 para matar...
2024-12-05 19:58:00.336995 - Contenedor medic_2 ha sido matado con SIGKILL
2024-12-05 19:58:10.438011 - Seleccionando contenedor selectidnameindie_0 para matar...
2024-12-05 19:58:10.905588 - Contenedor selectidnameindie_0 ha sido matado con SIGKILL
2024-12-05 19:58:20.951658 - Seleccionando contenedor selectq1_1 para matar...
2024-12-05 19:58:21.255308 - Contenedor selectq1_1 ha sido matado con SIGKILL
2024-12-05 19:58:31.398611 - Seleccionando contenedor filterbasic_1 para matar...
2024-12-05 19:58:31.770534 - Contenedor filterbasic_1 ha sido matado con SIGKILL
2024-12-05 19:58:41.928617 - Seleccionando contenedor platformcounter_1 para matar...
2024-12-05 19:58:42.264612 - Contenedor platformcounter_1 ha sido matado con SIGKILL
2024-12-05 19:58:52.327913 - Seleccionando contenedor medic_2 para matar...
2024-12-05 19:58:52.705437 - Contenedor medic_2 ha sido matado con SIGKILL
2024-12-05 19:59:02.766413 - Seleccionando contenedor medic_0 para matar...
2024-12-05 19:59:03.106473 - Contenedor medic_0 ha sido matado con SIGKILL
2024-12-05 19:59:13.201007 - Seleccionando contenedor medic_2 para matar...
2024-12-05 19:59:13.715490 - Contenedor medic_2 ha sido matado con SIGKILL
2024-12-05 19:59:23.788245 - Seleccionando contenedor filterscorepositive_0 para matar...
2024-12-05 19:59:24.304080 - Contenedor filterscorepositive_0 ha sido matado con SIGKILL
2024-12-05 19:59:34.359089 - Seleccionando contenedor filterscorepositive_0 para matar...
2024-12-05 19:59:34.725768 - Contenedor filterscorepositive_0 ha sido matado con SIGKILL
2024-12-05 19:59:44.817119 - Seleccionando contenedor selectidnameaction_1 para matar...
2024-12-05 19:59:45.290970 - Contenedor selectidnameaction_1 ha sido matado con SIGKILL
2024-12-05 19:59:55.361331 - Seleccionando contenedor filterscorepositive_0 para matar...
2024-12-05 19:59:55.761885 - Contenedor filterscorepositive_0 ha sido matado con SIGKILL
2024-12-05 20:00:05.811003 - Seleccionando contenedor selectq2345_1 para matar...
2024-12-05 20:00:06.160542 - Contenedor selectq2345_1 ha sido matado con SIGKILL
2024-12-05 20:00:16.236839 - Seleccionando contenedor groupertopaverageplaytime para matar...
2024-12-05 20:00:19.076139 - Contenedor groupertopaverageplaytime ha sido matado con SIGKILL
2024-12-05 20:00:29.157094 - Seleccionando contenedor monitorstorageq5 para matar...
2024-12-05 20:00:35.523350 - Contenedor monitorstorageq5 ha sido matado con SIGKILL
2024-12-05 20:00:45.612781 - Seleccionando contenedor monitorjoinerq4 para matar...
2024-12-05 20:00:46.152761 - Contenedor monitorjoinerq4 ha sido matado con SIGKILL
2024-12-05 20:00:56.235351 - Seleccionando contenedor selectq1_1 para matar...
2024-12-05 20:00:57.142954 - Contenedor selectq1_1 ha sido matado con SIGKILL
2024-12-05 20:01:07.209620 - Seleccionando contenedor monitorstorageq5 para matar...
2024-12-05 20:01:07.934369 - Contenedor monitorstorageq5 ha sido matado con SIGKILL
2024-12-05 20:01:17.976747 - Seleccionando contenedor filterreviewenglish_0 para matar...
2024-12-05 20:01:19.166005 - Contenedor filterreviewenglish_0 ha sido matado con SIGKILL
2024-12-05 20:01:29.240455 - Seleccionando contenedor selectq2345_1 para matar...
2024-12-05 20:01:29.395072 - Contenedor selectq2345_1 ha sido matado con SIGKILL
2024-12-05 20:01:39.434799 - Seleccionando contenedor filterscorenegative_0 para matar...
2024-12-05 20:01:39.622118 - Contenedor filterscorenegative_0 ha sido matado con SIGKILL
2024-12-05 20:01:49.667696 - Seleccionando contenedor selectq2345_0 para matar...
2024-12-05 20:01:49.882740 - Contenedor selectq2345_0 ha sido matado con SIGKILL
2024-12-05 20:01:59.977491 - Seleccionando contenedor selectq1_0 para matar...
2024-12-05 20:02:00.207652 - Contenedor selectq1_0 ha sido matado con SIGKILL
2024-12-05 20:02:10.250977 - Seleccionando contenedor filterdecade_1 para matar...
2024-12-05 20:02:10.422006 - Contenedor filterdecade_1 ha sido matado con SIGKILL
2024-12-05 20:02:20.514448 - Seleccionando contenedor filterreviewenglish_0 para matar...
2024-12-05 20:02:20.797068 - Contenedor filterreviewenglish_0 ha sido matado con SIGKILL
2024-12-05 20:02:30.877407 - Seleccionando contenedor platformreducer para matar...
2024-12-05 20:02:31.148054 - Contenedor platformreducer ha sido matado con SIGKILL
2024-12-05 20:02:41.232032 - Seleccionando contenedor selectq2345_1 para matar...
2024-12-05 20:02:41.399737 - Contenedor selectq2345_1 ha sido matado con SIGKILL
2024-12-05 20:02:51.435651 - Seleccionando contenedor selectq2345_0 para matar...
2024-12-05 20:02:51.612057 - Contenedor selectq2345_0 ha sido matado con SIGKILL
2024-12-05 20:03:01.657221 - Seleccionando contenedor selectq1_1 para matar...
2024-12-05 20:03:01.835195 - Contenedor selectq1_1 ha sido matado con SIGKILL
2024-12-05 20:03:11.924155 - Seleccionando contenedor medic_2 para matar...
2024-12-05 20:03:12.160655 - Contenedor medic_2 ha sido matado con SIGKILL
2024-12-05 20:03:22.260373 - Seleccionando contenedor filterdecade_1 para matar...
2024-12-05 20:03:22.454521 - Contenedor filterdecade_1 ha sido matado con SIGKILL
2024-12-05 20:03:32.544203 - Seleccionando contenedor selectidnameindie_1 para matar...
2024-12-05 20:03:32.750405 - Contenedor selectidnameindie_1 ha sido matado con SIGKILL
2024-12-05 20:03:42.801218 - Seleccionando contenedor filterdecade_1 para matar...
2024-12-05 20:03:43.013235 - Contenedor filterdecade_1 ha sido matado con SIGKILL
2024-12-05 20:03:53.084727 - Seleccionando contenedor filterscorepositive_1 para matar...
2024-12-05 20:03:53.317305 - Contenedor filterscorepositive_1 ha sido matado con SIGKILL
2024-12-05 20:04:03.390691 - Seleccionando contenedor monitorstorageq3 para matar...
2024-12-05 20:04:03.581618 - Contenedor monitorstorageq3 ha sido matado con SIGKILL
2024-12-05 20:04:13.678031 - Seleccionando contenedor filterscorepositive_0 para matar...
2024-12-05 20:04:13.882712 - Contenedor filterscorepositive_0 ha sido matado con SIGKILL
2024-12-05 20:04:23.923912 - Seleccionando contenedor platformcounter_0 para matar...
2024-12-05 20:04:24.146198 - Contenedor platformcounter_0 ha sido matado con SIGKILL
2024-12-05 20:04:34.235487 - Seleccionando contenedor platformcounter_0 para matar...
2024-12-05 20:04:34.462395 - Contenedor platformcounter_0 ha sido matado con SIGKILL
2024-12-05 20:04:44.570412 - Seleccionando contenedor filterscorepositive_0 para matar...
2024-12-05 20:04:44.758756 - Contenedor filterscorepositive_0 ha sido matado con SIGKILL
2024-12-05 20:04:54.838158 - Seleccionando contenedor selectq2345_0 para matar...
2024-12-05 20:04:55.038601 - Contenedor selectq2345_0 ha sido matado con SIGKILL
2024-12-05 20:05:05.121681 - Seleccionando contenedor filterreviewenglish_1 para matar...
2024-12-05 20:05:05.322871 - Contenedor filterreviewenglish_1 ha sido matado con SIGKILL
2024-12-05 20:05:15.418110 - Seleccionando contenedor groupertopreviewspositiveindie para matar...
2024-12-05 20:05:15.629749 - Contenedor groupertopreviewspositiveindie ha sido matado con SIGKILL
2024-12-05 20:05:25.712388 - Seleccionando contenedor platformreducer para matar...
2024-12-05 20:05:25.910418 - Contenedor platformreducer ha sido matado con SIGKILL
2024-12-05 20:05:35.999899 - Seleccionando contenedor filterscorepositive_1 para matar...
2024-12-05 20:05:36.203592 - Contenedor filterscorepositive_1 ha sido matado con SIGKILL
2024-12-05 20:05:46.263910 - Seleccionando contenedor monitorstorageq5 para matar...
2024-12-05 20:05:46.800004 - Contenedor monitorstorageq5 ha sido matado con SIGKILL

=== Nueva ejecucion: 2024-12-05 20:06:37.485078 ===
2024-12-05 20:06:37.549596 - Seleccionando contenedor medic_1 para matar...
2024-12-05 20:06:37.905290 - Contenedor medic_1 ha sido matado con SIGKILL
2024-12-05 20:06:47.979347 - Seleccionando contenedor filterbasic_0 para matar...
2024-12-05 20:06:48.340013 - Contenedor filterbasic_0 ha sido matado con SIGKILL
2024-12-05 20:06:58.390913 - Seleccionando contenedor filterreviewenglish_0 para matar...
2024-12-05 20:06:58.715609 - Contenedor filterreviewenglish_0 ha sido matado con SIGKILL
2024-12-05 20:07:08.783509 - Seleccionando contenedor selectq1_1 para matar...
2024-12-05 20:07:09.072686 - Contenedor selectq1_1 ha sido matado con SIGKILL

=== Nueva ejecucion: 2024-12-05 20:08:06.037738 ===
2024-12-05 20:08:06.107984 - Seleccionando contenedor filterreviewenglish_0 para matar...
2024-12-05 20:08:06.446352 - Contenedor filterreviewenglish_0 ha sido matado con SIGKILL
2024-12-05 20:08:16.495496 - Seleccionando contenedor platformcounter_1 para matar...
2024-12-05 20:08:16.820671 - Contenedor platformcounter_1 ha sido matado con SIGKILL
2024-12-05 20:08:26.892106 - Seleccionando contenedor selectidnameindie_0 para matar...
2024-12-05 20:08:27.213284 - Contenedor selectidnameindie_0 ha sido matado con SIGKILL
2024-12-05 20:08:37.293113 - Seleccionando contenedor selectidnameindie_1 para matar...
2024-12-05 20:08:37.651453 - Contenedor selectidnameindie_1 ha sido matado con SIGKILL
2024-12-05 20:08:47.719271 - Seleccionando contenedor groupertopaverageplaytime para matar...
2024-12-05 20:08:54.413427 - Contenedor groupertopaverageplaytime ha sido matado con SIGKILL
2024-12-05 20:09:04.482230 - Seleccionando contenedor filterscorenegative_1 para matar...
2024-12-05 20:09:04.822665 - Contenedor filterscorenegative_1 ha sido matado con SIGKILL
2024-12-05 20:09:14.870794 - Seleccionando contenedor monitorstorageq4 para matar...
2024-12-05 20:09:15.257778 - Contenedor monitorstorageq4 ha sido matado con SIGKILL
2024-12-05 20:09:25.323430 - Seleccionando contenedor monitorjoinerq4 para matar...
2024-12-05 20:09:25.709988 - Contenedor monitorjoinerq4 ha sido matado con SIGKILL
2024-12-05 20:09:35.768639 - Seleccionando contenedor medic_3 para matar...
2024-12-05 20:09:36.165129 - Contenedor medic_3 ha sido matado con SIGKILL
2024-12-05 20:09:46.230141 - Seleccionando contenedor filterbasic_0 para matar...
2024-12-05 20:09:46.525370 - Contenedor filterbasic_0 ha sido matado con SIGKILL
2024-12-05 20:09:56.591419 - Seleccionando contenedor filtergender_0 para matar...
2024-12-05 20:09:56.876153 - Contenedor filtergender_0 ha sido matado con SIGKILL
2024-12-05 20:10:06.960055 - Seleccionando contenedor platformcounter_1 para matar...
2024-12-05 20:10:07.480008 - Contenedor platformcounter_1 ha sido matado con SIGKILL
2024-12-05 20:10:17.574436 - Seleccionando contenedor selectq1_0 para matar...
2024-12-05 20:10:18.935840 - Contenedor selectq1_0 ha sido matado con SIGKILL
2024-12-05 20:10:28.997807 - Seleccionando contenedor filterbasic_0 para matar...
2024-12-05 20:10:30.429262 - Contenedor filterbasic_0 ha sido matado con SIGKILL
2024-12-05 20:10:40.586140 - Seleccionando contenedor platformcounter_0 para matar...
2024-12-05 20:10:41.270181 - Contenedor platformcounter_0 ha sido matado con SIGKILL
2024-12-05 20:10:51.320386 - Seleccionando contenedor filterreviewenglish_1 para matar...
2024-12-05 20:10:53.423613 - Contenedor filterreviewenglish_1 ha sido matado con SIGKILL
2024-12-05 20:11:03.458732 - Seleccionando contenedor platformreducer para matar...
2024-12-05 20:11:07.289789 - Contenedor platformreducer ha sido matado con SIGKILL
2024-12-05 20:11:17.397077 - Seleccionando contenedor medic_1 para matar...
2024-12-05 20:11:17.869138 - Contenedor medic_1 ha sido matado con SIGKILL
2024-12-05 20:11:28.048997 - Seleccionando contenedor filtergender_1 para matar...
2024-12-05 20:11:28.619947 - Contenedor filtergender_1 ha sido matado con SIGKILL
2024-12-05 20:11:38.831116 - Seleccionando contenedor monitorstorageq4 para matar...
2024-12-05 20:11:39.370078 - Contenedor monitorstorageq4 ha sido matado con SIGKILL
2024-12-05 20:11:49.468222 - Seleccionando contenedor filterbasic_1 para matar...
2024-12-05 20:11:50.036017 - Contenedor filterbasic_1 ha sido matado con SIGKILL
2024-12-05 20:12:00.123511 - Seleccionando contenedor selectq1_0 para matar...
2024-12-05 20:12:00.755085 - Contenedor selectq1_0 ha sido matado con SIGKILL
2024-12-05 20:12:10.808222 - Seleccionando contenedor filterbasic_1 para matar...
2024-12-05 20:12:11.359345 - Contenedor filterbasic_1 ha sido matado con SIGKILL
2024-12-05 20:12:21.412688 - Seleccionando contenedor medic_2 para matar...
2024-12-05 20:12:23.766850 - Contenedor medic_2 ha sido matado con SIGKILL
2024-12-05 20:12:33.869030 - Seleccionando contenedor selectidnameindie_0 para matar...
2024-12-05 20:12:36.131607 - Contenedor selectidnameindie_0 ha sido matado con SIGKILL
2024-12-05 20:12:46.197283 - Seleccionando contenedor filterdecade_0 para matar...
2024-12-05 20:12:46.797863 - Contenedor filterdecade_0 ha sido matado con SIGKILL
2024-12-05 20:12:56.846464 - Seleccionando contenedor selectq2345_1 para matar...
2024-12-05 20:12:57.829422 - Contenedor selectq2345_1 ha sido matado con SIGKILL
2024-12-05 20:13:07.887061 - Seleccionando contenedor platformcounter_0 para matar...
2024-12-05 20:13:08.164129 - Contenedor platformcounter_0 ha sido matado con SIGKILL
2024-12-05 20:13:18.220694 - Seleccionando contenedor filterbasic_0 para matar...
2024-12-05 20:13:18.535437 - Contenedor filterbasic_0 ha sido matado con SIGKILL
2024-12-05 20:13:28.663962 - Seleccionando contenedor filterscorepositive_1 para matar...
2024-12-05 20:13:33.716625 - Contenedor filterscorepositive_1 ha sido matado con SIGKILL
2024-12-05 20:13:43.832948 - Seleccionando contenedor selectidnameindie_1 para matar...
2024-12-05 20:13:47.780146 - Contenedor selectidnameindie_1 ha sido matado con SIGKILL
2024-12-05 20:13:57.889157 - Seleccionando contenedor platformreducer para matar...
2024-12-05 20:13:58.272158 - Contenedor platformreducer ha sido matado con SIGKILL
2024-12-05 20:14:08.373370 - Seleccionando contenedor monitorstorageq5 para matar...
2024-12-05 20:14:09.090396 - Contenedor monitorstorageq5 ha sido matado con SIGKILL
2024-12-05 20:14:19.139988 - Seleccionando contenedor monitorstorageq4 para matar...
2024-12-05 20:14:19.609010 - Contenedor monitorstorageq4 ha sido matado con SIGKILL
2024-12-05 20:14:29.665813 - Seleccionando contenedor monitorstorageq4 para matar...
2024-12-05 20:14:30.119700 - Contenedor monitorstorageq4 ha sido matado con SIGKILL
2024-12-05 20:14:40.154196 - Seleccionando contenedor gateway para matar...
2024-12-05 20:14:42.522135 - Contenedor gateway ha sido matado con SIGKILL
2024-12-05 20:14:52.556767 - Seleccionando contenedor medic_0 para matar...
2024-12-05 20:14:52.734000 - Contenedor medic_0 ha sido matado con SIGKILL
2024-12-05 20:15:02.778865 - Seleccionando contenedor filterdecade_0 para matar...
2024-12-05 20:15:02.959140 - Contenedor filterdecade_0 ha sido matado con SIGKILL
2024-12-05 20:15:13.048380 - Seleccionando contenedor selectq1_0 para matar...
2024-12-05 20:15:13.244907 - Contenedor selectq1_0 ha sido matado con SIGKILL
2024-12-05 20:15:23.376798 - Seleccionando contenedor platformcounter_1 para matar...
2024-12-05 20:15:23.897146 - Contenedor platformcounter_1 ha sido matado con SIGKILL
2024-12-05 20:15:33.938784 - Seleccionando contenedor selectidnameaction_1 para matar...
2024-12-05 20:15:35.523103 - Contenedor selectidnameaction_1 ha sido matado con SIGKILL
2024-12-05 20:15:45.558574 - Seleccionando contenedor filterreviewenglish_0 para matar...
2024-12-05 20:15:45.829149 - Contenedor filterreviewenglish_0 ha sido matado con SIGKILL
2024-12-05 20:15:55.874662 - Seleccionando contenedor groupertopreviewspositiveindie para matar...
2024-12-05 20:15:58.593770 - Contenedor groupertopreviewspositiveindie ha sido matado con SIGKILL
2024-12-05 20:16:08.686229 - Seleccionando contenedor selectidnameindie_1 para matar...
2024-12-05 20:16:11.988296 - Contenedor selectidnameindie_1 ha sido matado con SIGKILL
2024-12-05 20:16:22.078848 - Seleccionando contenedor platformcounter_0 para matar...
2024-12-05 20:16:26.342473 - Contenedor platformcounter_0 ha sido matado con SIGKILL
2024-12-05 20:16:36.368983 - Seleccionando contenedor monitorstorageq4 para matar...
2024-12-05 20:16:38.698905 - Contenedor monitorstorageq4 ha sido matado con SIGKILL
2024-12-05 20:16:48.745205 - Seleccionando contenedor selectq1_1 para matar...
2024-12-05 20:16:52.139628 - Contenedor selectq1_1 ha sido matado con SIGKILL
2024-12-05 20:17:02.184992 - Seleccionando contenedor selectq1_1 para matar...
2024-12-05 20:17:06.534354 - Contenedor selectq1_1 ha sido matado con SIGKILL
2024-12-05 20:17:16.584166 - Seleccionando contenedor filtergender_0 para matar...
2024-12-05 20:17:20.317011 - Contenedor filtergender_0 ha sido matado con SIGKILL
2024-12-05 20:17:30.352187 - Seleccionando contenedor groupertopreviewspositiveindie para matar...
2024-12-05 20:17:30.763171 - Contenedor groupertopreviewspositiveindie ha sido matado con SIGKILL
2024-12-05 20:17:40.826776 - Seleccionando contenedor monitorstorageq3 para matar...
2024-12-05 20:17:44.574001 - Contenedor monitorstorageq3 ha sido matado con SIGKILL
2024-12-05 20:17:54.608801 - Seleccionando contenedor filterreviewenglish_0 para matar...
2024-12-05 20:17:57.942612 - Contenedor filterreviewenglish_0 ha sido matado con SIGKILL
2024-12-05 20:18:08.006147 - Seleccionando contenedor filterscorenegative_0 para matar...
2024-12-05 20:18:08.574415 - Contenedor filterscorenegative_0 ha sido matado con SIGKILL
2024-12-05 20:18:18.615931 - Seleccionando contenedor medic_1 para matar...
2024-12-05 20:18:19.119625 - Contenedor medic_1 ha sido matado con SIGKILL
2024-12-05 20:18:29.146610 - Seleccionando contenedor medic_0 para matar...
2024-12-05 20:18:32.928846 - Contenedor medic_0 ha sido matado con SIGKILL
2024-12-05 20:18:43.050136 - Seleccionando contenedor selectidnameindie_1 para matar...
2024-12-05 20:18:47.161984 - Contenedor selectidnameindie_1 ha sido matado con SIGKILL
2024-12-05 20:18:57.191158 - Seleccionando contenedor platformreducer para matar...
2024-12-05 20:18:58.965394 - Contenedor platformreducer ha sido matado con SIGKILL
2024-12-05 20:19:09.040845 - Seleccionando contenedor selectidnameaction_0 para matar...
2024-12-05 20:19:09.687471 - Contenedor selectidnameaction_0 ha sido matado con SIGKILL
2024-12-05 20:19:19.738168 - Seleccionando contenedor platformcounter_0 para matar...
2024-12-05 20:19:23.531654 - Contenedor platformcounter_0 ha sido matado con SIGKILL
2024-12-05 20:19:33.635331 - Seleccionando contenedor filterscorepositive_1 para matar...
2024-12-05 20:19:36.633423 - Contenedor filterscorepositive_1 ha sido matado con SIGKILL
2024-12-05 20:19:46.720677 - Seleccionando contenedor gateway para matar...
2024-12-05 20:19:47.754681 - Contenedor gateway ha sido matado con SIGKILL
2024-12-05 20:19:57.784867 - Seleccionando contenedor medic_1 para matar...
2024-12-05 20:19:57.969891 - Contenedor medic_1 ha sido matado con SIGKILL
2024-12-05 20:20:08.002741 - Seleccionando contenedor medic_2 para matar...
2024-12-05 20:20:09.106825 - Contenedor medic_2 ha sido matado con SIGKILL
2024-12-05 20:20:19.134883 - Seleccionando contenedor groupertopreviewspositiveindie para matar...
2024-12-05 20:20:19.305322 - Contenedor groupertopreviewspositiveindie ha sido matado con SIGKILL
2024-12-05 20:20:29.337337 - Seleccionando contenedor selectq2345_0 para matar...
2024-12-05 20:20:29.659355 - Contenedor selectq2345_0 ha sido matado con SIGKILL
2024-12-05 20:20:39.695537 - Seleccionando contenedor selectidnameindie_0 para matar...
2024-12-05 20:20:39.911666 - Contenedor selectidnameindie_0 ha sido matado con SIGKILL
2024-12-05 20:20:49.944656 - Seleccionando contenedor platformreducer para matar...
2024-12-05 20:20:50.901858 - Contenedor platformreducer ha sido matado con SIGKILL
2024-12-05 20:21:00.951056 - Seleccionando contenedor filtergender_1 para matar...
2024-12-05 20:21:04.031091 - Contenedor filtergender_1 ha sido matado con SIGKILL
2024-12-05 20:21:14.099997 - Seleccionando contenedor gateway para matar...
2024-12-05 20:21:17.160031 - Contenedor gateway ha sido matado con SIGKILL
2024-12-05 20:21:27.199837 - Seleccionando contenedor medic_0 para matar...
2024-12-05 20:21:29.308766 - Contenedor medic_0 ha sido matado con SIGKILL
2024-12-05 20:21:39.349697 - Seleccionando contenedor filterbasic_1 para matar...
2024-12-05 20:21:40.889639 - Contenedor filterbasic_1 ha sido matado con SIGKILL
2024-12-05 20:21:50.937655 - Seleccionando contenedor gateway para matar...
2024-12-05 20:21:51.197497 - Contenedor gateway ha sido matado con SIGKILL
2024-12-05 20:22:01.299200 - Seleccionando contenedor monitorjoinerq4 para matar...
2024-12-05 20:22:03.519082 - Contenedor monitorjoinerq4 ha sido matado con SIGKILL
2024-12-05 20:22:13.586426 - Seleccionando contenedor filtergender_1 para matar...
2024-12-05 20:22:16.365988 - Contenedor filtergender_1 ha sido matado con SIGKILL
2024-12-05 20:22:26.457543 - Seleccionando contenedor filtergender_1 para matar...
2024-12-05 20:22:28.110333 - Contenedor filtergender_1 ha sido matado con SIGKILL
2024-12-05 20:22:38.157770 - Seleccionando contenedor selectidnameindie_1 para matar...
2024-12-05 20:22:39.768536 - Contenedor selectidnameindie_1 ha sido matado con SIGKILL
2024-12-05 20:22:49.855803 - Seleccionando contenedor medic_2 para matar...
2024-12-05 20:22:51.659957 - Contenedor medic_2 ha sido matado con SIGKILL
2024-12-05 20:23:01.721692 - Seleccionando contenedor filtergender_0 para matar...
2024-12-05 20:23:03.492207 - Contenedor filtergender_0 ha sido matado con SIGKILL
2024-12-05 20:23:13.590892 - Seleccionando contenedor gateway para matar...
2024-12-05 20:23:15.202685 - Contenedor gateway ha sido matado con SIGKILL
2024-12-05 20:23:25.252121 - Seleccionando contenedor filterbasic_1 para matar...
2024-12-05 20:23:26.807777 - Contenedor filterbasic_1 ha sido matado con SIGKILL
2024-12-05 20:23:36.897292 - Seleccionando contenedor filterscorenegative_1 para matar...
2024-12-05 20:23:37.210183 - Contenedor filterscorenegative_1 ha sido matado con SIGKILL
2024-12-05 20:23:47.287174 - Seleccionando contenedor gateway para matar...
2024-12-05 20:23:47.635157 - Contenedor gateway ha sido matado con SIGKILL
2024-12-05 20:23:57.735246 - Seleccionando contenedor filterreviewenglish_0 para matar...
2024-12-05 20:23:58.030139 - Contenedor filterreviewenglish_0 ha sido matado con SIGKILL
2024-12-05 20:24:08.073048 - Seleccionando contenedor filterbasic_1 para matar...
2024-12-05 20:24:08.311307 - Contenedor filterbasic_1 ha sido matado con SIGKILL
2024-12-05 20:24:18.413326 - Seleccionando contenedor monitorjoinerq4 para matar...
2024-12-05 20:24:18.608552 - Contenedor monitorjoinerq4 ha sido matado con SIGKILL
2024-12-05 20:24:28.692579 - Seleccionando contenedor selectq1_0 para matar...
2024-12-05 20:24:28.945208 - Contenedor selectq1_0 ha sido matado con SIGKILL
2024-12-05 20:24:39.000967 - Seleccionando contenedor selectq2345_0 para matar...
2024-12-05 20:24:39.256767 - Contenedor selectq2345_0 ha sido matado con SIGKILL
2024-12-05 20:24:49.311449 - Seleccionando contenedor platformreducer para matar...
2024-12-05 20:24:49.556116 - Contenedor platformreducer ha sido matado con SIGKILL
2024-12-05 20:24:59.595806 - Seleccionando contenedor gateway para matar...
2024-12-05 20:24:59.829181 - Contenedor gateway ha sido matado con SIGKILL
2024-12-05 20:25:09.915536 - Seleccionando contenedor gateway para matar...
2024-12-05 20:25:10.195498 - Contenedor gateway ha sido matado con SIGKILL
2024-12-05 20:25:20.272845 - Seleccionando contenedor monitorstorageq4 para matar...
2024-12-05 20:25:20.512819 - Contenedor monitorstorageq4 ha sido matado con SIGKILL
2024-12-05 20:25:30.567514 - Seleccionando contenedor selectidnameaction_0 para matar...
2024-12-05 20:25:30.808975 - Contenedor selectidnameaction_0 ha sido matado con SIGKILL
2024-12-05 20:25:40.886543 - Seleccionando contenedor medic_0 para matar...
2024-12-05 20:25:41.203892 - Contenedor medic_0 ha sido matado con SIGKILL
2024-12-05 20:25:51.280007 - Seleccionando contenedor groupertopaverageplaytime para matar...
2024-12-05 20:25:51.477525 - Contenedor groupertopaverageplaytime ha sido matado con SIGKILL
2024-12-05 20:26:01.560649 - Seleccionando contenedor selectq2345_1 para matar...
2024-12-05 20:26:01.819299 - Contenedor selectq2345_1 ha sido matado con SIGKILL
2024-12-05 20:26:11.920026 - Seleccionando contenedor selectq2345_0 para matar...
2024-12-05 20:26:12.091662 - Contenedor selectq2345_0 ha sido matado con SIGKILL
2024-12-05 20:26:22.143583 - Seleccionando contenedor filtergender_0 para matar...
2024-12-05 20:26:22.277438 - Contenedor filtergender_0 ha sido matado con SIGKILL
2024-12-05 20:26:32.336169 - Seleccionando contenedor platformreducer para matar...
2024-12-05 20:26:32.468483 - Contenedor platformreducer ha sido matado con SIGKILL
2024-12-05 20:26:42.530505 - Seleccionando contenedor monitorstorageq4 para matar...
2024-12-05 20:26:42.776032 - Contenedor monitorstorageq4 ha sido matado con SIGKILL
2024-12-05 20:26:52.862603 - Seleccionando contenedor platformcounter_0 para matar...
2024-12-05 20:26:53.108972 - Contenedor platformcounter_0 ha sido matado con SIGKILL
2024-12-05 20:27:03.143537 - Seleccionando contenedor medic_3 para matar...
2024-12-05 20:27:03.324037 - Contenedor medic_3 ha sido matado con SIGKILL
2024-12-05 20:27:13.368052 - Seleccionando contenedor filtergender_1 para matar...
2024-12-05 20:27:13.603792 - Contenedor filtergender_1 ha sido matado con SIGKILL
2024-12-05 20:27:23.693795 - Seleccionando contenedor platformcounter_0 para matar...
2024-12-05 20:27:23.922016 - Contenedor platformcounter_0 ha sido matado con SIGKILL
2024-12-05 20:27:33.947806 - Seleccionando contenedor selectidnameaction_1 para matar...
2024-12-05 20:27:34.097451 - Contenedor selectidnameaction_1 ha sido matado con SIGKILL
2024-12-05 20:27:44.161126 - Seleccionando contenedor selectidnameindie_1 para matar...
2024-12-05 20:27:44.311303 - Contenedor selectidnameindie_1 ha sido matado con SIGKILL
2024-12-05 20:27:54.355701 - Seleccionando contenedor gateway para matar...
2024-12-05 20:27:54.572346 - Contenedor gateway ha sido matado con SIGKILL
2024-12-05 20:28:04.658269 - Seleccionando contenedor selectq1_1 para matar...
2024-12-05 20:28:04.882479 - Contenedor selectq1_1 ha sido matado con SIGKILL
2024-12-05 20:28:14.931289 - Seleccionando contenedor selectq2345_0 para matar...
2024-12-05 20:28:15.079751 - Contenedor selectq2345_0 ha sido matado con SIGKILL
2024-12-05 20:28:25.126596 - Seleccionando contenedor selectidnameaction_0 para matar...
2024-12-05 20:28:25.254309 - Contenedor selectidnameaction_0 ha sido matado con SIGKILL
2024-12-05 20:28:35.306567 - Seleccionando contenedor selectq1_1 para matar...
2024-12-05 20:28:35.451967 - Contenedor selectq1_1 ha sido matado con SIGKILL
2024-12-05 20:28:45.533532 - Seleccionando contenedor monitorstorageq4 para matar...
2024-12-05 20:28:45.858902 - Contenedor monitorstorageq4 ha sido matado con SIGKILL
2024-12-05 20:28:55.941073 - Seleccionando contenedor filterscorenegative_1 para matar...
2024-12-05 20:28:56.121075 - Contenedor filterscorenegative_1 ha sido matado con SIGKILL
2024-12-05 20:29:06.170637 - Seleccionando contenedor filterreviewenglish_0 para matar...
2024-12-05 20:29:06.318920 - Contenedor filterreviewenglish_0 ha sido matado con SIGKILL
2024-12-05 20:29:16.390572 - Seleccionando contenedor gateway para matar...
2024-12-05 20:29:16.677444 - Contenedor gateway ha sido matado con SIGKILL
2024-12-05 20:29:26.771071 - Seleccionando contenedor medic_0 para matar...
2024-12-05 20:29:27.026558 - Contenedor medic_0 ha sido matado con SIGKILL
2024-12-05 20:29:37.069604 - Seleccionando contenedor selectq2345_1 para matar...
2024-12-05 20:29:37.256784 - Contenedor selectq2345_1 ha sido matado con SIGKILL
2024-12-05 20:29:47.302061 - Seleccionando contenedor monitorstorageq3 para matar...
2024-12-05 20:29:47.525496 - Contenedor monitorstorageq3 ha sido matado con SIGKILL
2024-12-05 20:29:57.574634 - Seleccionando contenedor filtergender_1 para matar...
2024-12-05 20:29:57.782050 - Contenedor filtergender_1 ha sido matado con SIGKILL
2024-12-05 20:30:07.874559 - Seleccionando contenedor medic_3 para matar...
2024-12-05 20:30:08.139650 - Contenedor medic_3 ha sido matado con SIGKILL
2024-12-05 20:30:18.212579 - Seleccionando contenedor selectidnameaction_0 para matar...
2024-12-05 20:30:18.437721 - Contenedor selectidnameaction_0 ha sido matado con SIGKILL
2024-12-05 20:30:28.534916 - Seleccionando contenedor medic_3 para matar...
2024-12-05 20:30:28.753016 - Contenedor medic_3 ha sido matado con SIGKILL
2024-12-05 20:30:38.850835 - Seleccionando contenedor filterdecade_1 para matar...
2024-12-05 20:30:39.056166 - Contenedor filterdecade_1 ha sido matado con SIGKILL
2024-12-05 20:30:49.090332 - Seleccionando contenedor selectq1_0 para matar...
2024-12-05 20:30:49.251445 - Contenedor selectq1_0 ha sido matado con SIGKILL
2024-12-05 20:30:59.294697 - Seleccionando contenedor selectidnameaction_1 para matar...
2024-12-05 20:30:59.496741 - Contenedor selectidnameaction_1 ha sido matado con SIGKILL
2024-12-05 20:31:09.591836 - Seleccionando contenedor filtergender_1 para matar...
2024-12-05 20:31:09.828973 - Contenedor filtergender_1 ha sido matado con SIGKILL
2024-12-05 20:31:19.926460 - Seleccionando contenedor filterdecade_1 para matar...
2024-12-05 20:31:20.146507 - Contenedor filterdecade_1 ha sido matado con SIGKILL
2024-12-05 20:31:30.244372 - Seleccionando contenedor monitorstorageq5 para matar...
2024-12-05 20:31:30.438387 - Contenedor monitorstorageq5 ha sido matado con SIGKILL
2024-12-05 20:31:40.524147 - Seleccionando contenedor selectidnameindie_0 para matar...
2024-12-05 20:31:40.790907 - Contenedor selectidnameindie_0 ha sido matado con SIGKILL
2024-12-05 20:31:50.867093 - Seleccionando contenedor gateway para matar...
2024-12-05 20:31:51.114048 - Contenedor gateway ha sido matado con SIGKILL
2024-12-05 20:32:01.176777 - Seleccionando contenedor selectidnameaction_0 para matar...
2024-12-05 20:32:01.381769 - Contenedor selectidnameaction_0 ha sido matado con SIGKILL
2024-12-05 20:32:11.471516 - Seleccionando contenedor selectidnameindie_1 para matar...
2024-12-05 20:32:11.724821 - Contenedor selectidnameindie_1 ha sido matado con SIGKILL
2024-12-05 20:32:21.802431 - Seleccionando contenedor filtergender_1 para matar...
2024-12-05 20:32:22.091187 - Contenedor filtergender_1 ha sido matado con SIGKILL
2024-12-05 20:32:32.190769 - Seleccionando contenedor selectq1_1 para matar...
2024-12-05 20:32:32.428135 - Contenedor selectq1_1 ha sido matado con SIGKILL
2024-12-05 20:32:42.487440 - Seleccionando contenedor monitorstorageq4 para matar...
2024-12-05 20:32:42.693569 - Contenedor monitorstorageq4 ha sido matado con SIGKILL
2024-12-05 20:32:52.758416 - Seleccionando contenedor filterdecade_1 para matar...
2024-12-05 20:32:53.043600 - Contenedor filterdecade_1 ha sido matado con SIGKILL
2024-12-05 20:33:03.122894 - Seleccionando contenedor filterscorepositive_0 para matar...
2024-12-05 20:33:03.355961 - Contenedor filterscorepositive_0 ha sido matado con SIGKILL
2024-12-05 20:33:13.404941 - Seleccionando contenedor filterbasic_0 para matar...
2024-12-05 20:33:13.570831 - Contenedor filterbasic_0 ha sido matado con SIGKILL
2024-12-05 20:33:23.634563 - Seleccionando contenedor filterreviewenglish_1 para matar...
2024-12-05 20:33:23.890130 - Contenedor filterreviewenglish_1 ha sido matado con SIGKILL
2024-12-05 20:33:34.006625 - Seleccionando contenedor selectq1_1 para matar...
2024-12-05 20:33:34.200482 - Contenedor selectq1_1 ha sido matado con SIGKILL
2024-12-05 20:33:44.293505 - Seleccionando contenedor platformcounter_0 para matar...
2024-12-05 20:33:44.537179 - Contenedor platformcounter_0 ha sido matado con SIGKILL
2024-12-05 20:33:54.618873 - Seleccionando contenedor filtergender_0 para matar...
2024-12-05 20:33:54.845560 - Contenedor filtergender_0 ha sido matado con SIGKILL
2024-12-05 20:34:04.933743 - Seleccionando contenedor monitorstorageq4 para matar...
2024-12-05 20:34:05.219170 - Contenedor monitorstorageq4 ha sido matado con SIGKILL
2024-12-05 20:34:15.306913 - Seleccionando contenedor gateway para matar...
2024-12-05 20:34:15.532915 - Contenedor gateway ha sido matado con SIGKILL
2024-12-05 20:34:25.624111 - Seleccionando contenedor filterdecade_1 para matar...
2024-12-05 20:34:25.887865 - Contenedor filterdecade_1 ha sido matado con SIGKILL
2024-12-05 20:34:35.965336 - Seleccionando contenedor monitorstorageq3 para matar...
2024-12-05 20:34:36.193874 - Contenedor monitorstorageq3 ha sido matado con SIGKILL
2024-12-05 20:34:46.245561 - Seleccionando contenedor selectidnameindie_0 para matar...
2024-12-05 20:34:46.429763 - Contenedor selectidnameindie_0 ha sido matado con SIGKILL
2024-12-05 20:34:56.514454 - Seleccionando contenedor platformcounter_0 para matar...
2024-12-05 20:34:56.736645 - Contenedor platformcounter_0 ha sido matado con SIGKILL
2024-12-05 20:35:06.795242 - Seleccionando contenedor filterdecade_0 para matar...
2024-12-05 20:35:07.033755 - Contenedor filterdecade_0 ha sido matado con SIGKILL
2024-12-05 20:35:17.103260 - Seleccionando contenedor filterbasic_1 para matar...
2024-12-05 20:35:17.367350 - Contenedor filterbasic_1 ha sido matado con SIGKILL
2024-12-05 20:35:27.420517 - Seleccionando contenedor monitorjoinerq4 para matar...
2024-12-05 20:35:27.687942 - Contenedor monitorjoinerq4 ha sido matado con SIGKILL
2024-12-05 20:35:37.776093 - Seleccionando contenedor monitorstorageq3 para matar...
2024-12-05 20:35:38.000430 - Contenedor monitorstorageq3 ha sido matado con SIGKILL
2024-12-05 20:35:48.100671 - Seleccionando contenedor selectidnameindie_0 para matar...
2024-12-05 20:35:48.289779 - Contenedor selectidnameindie_0 ha sido matado con SIGKILL
2024-12-05 20:35:58.377457 - Seleccionando contenedor filterscorenegative_1 para matar...
2024-12-05 20:35:58.628207 - Contenedor filterscorenegative_1 ha sido matado con SIGKILL
2024-12-05 20:36:08.718726 - Seleccionando contenedor selectq1_0 para matar...
2024-12-05 20:36:08.905143 - Contenedor selectq1_0 ha sido matado con SIGKILL
2024-12-05 20:36:18.973336 - Seleccionando contenedor selectidnameindie_1 para matar...
2024-12-05 20:36:19.171110 - Contenedor selectidnameindie_1 ha sido matado con SIGKILL
2024-12-05 20:36:29.286671 - Seleccionando contenedor medic_1 para matar...
2024-12-05 20:36:29.528298 - Contenedor medic_1 ha sido matado con SIGKILL
2024-12-05 20:36:39.642322 - Seleccionando contenedor platformcounter_1 para matar...
2024-12-05 20:36:39.877202 - Contenedor platformcounter_1 ha sido matado con SIGKILL
2024-12-05 20:36:49.967018 - Seleccionando contenedor platformreducer para matar...
2024-12-05 20:36:50.158006 - Contenedor platformreducer ha sido matado con SIGKILL
2024-12-05 20:37:00.264313 - Seleccionando contenedor selectq1_0 para matar...
2024-12-05 20:37:00.524918 - Contenedor selectq1_0 ha sido matado con SIGKILL
2024-12-05 20:37:10.624051 - Seleccionando contenedor filterscorenegative_0 para matar...
2024-12-05 20:37:10.839822 - Contenedor filterscorenegative_0 ha sido matado con SIGKILL
2024-12-05 20:37:20.942408 - Seleccionando contenedor filtergender_1 para matar...
2024-12-05 20:37:21.112132 - Contenedor filtergender_1 ha sido matado con SIGKILL
2024-12-05 20:37:31.200246 - Seleccionando contenedor filterscorepositive_1 para matar...
2024-12-05 20:37:31.390781 - Contenedor filterscorepositive_1 ha sido matado con SIGKILL
2024-12-05 20:37:41.455625 - Seleccionando contenedor selectq2345_1 para matar...
2024-12-05 20:37:41.688591 - Contenedor selectq2345_1 ha sido matado con SIGKILL
2024-12-05 20:37:51.778288 - Seleccionando contenedor groupertopreviewspositiveindie para matar...
2024-12-05 20:37:51.983491 - Contenedor groupertopreviewspositiveindie ha sido matado con SIGKILL
2024-12-05 20:38:02.064974 - Seleccionando contenedor filtergender_0 para matar...
2024-12-05 20:38:02.299121 - Contenedor filtergender_0 ha sido matado con SIGKILL
2024-12-05 20:38:12.355746 - Seleccionando contenedor selectidnameaction_1 para matar...
2024-12-05 20:38:12.570798 - Contenedor selectidnameaction_1 ha sido matado con SIGKILL
2024-12-05 20:38:22.616086 - Seleccionando contenedor monitorstorageq3 para matar...
2024-12-05 20:38:22.849279 - Contenedor monitorstorageq3 ha sido matado con SIGKILL
2024-12-05 20:38:32.891267 - Seleccionando contenedor groupertopreviewspositiveindie para matar...
2024-12-05 20:38:33.072351 - Contenedor groupertopreviewspositiveindie ha sido matado con SIGKILL
2024-12-05 20:38:43.164295 - Seleccionando contenedor selectidnameaction_1 para matar...
2024-12-05 20:38:43.371017 - Contenedor selectidnameaction_1 ha sido matado con SIGKILL
2024-12-05 20:38:53.445663 - Seleccionando contenedor monitorstorageq4 para matar...
2024-12-05 20:38:53.663009 - Contenedor monitorstorageq4 ha sido matado con SIGKILL
2024-12-05 20:39:03.698157 - Seleccionando contenedor selectq1_0 para matar...
2024-12-05 20:39:03.886725 - Contenedor selectq1_0 ha sido matado con SIGKILL
2024-12-05 20:39:13.936331 - Seleccionando contenedor filtergender_0 para matar...
2024-12-05 20:39:14.105773 - Contenedor filtergender_0 ha sido matado con SIGKILL
2024-12-05 20:39:24.195774 - Seleccionando contenedor platformcounter_1 para matar...
2024-12-05 20:39:24.470968 - Contenedor platformcounter_1 ha sido matado con SIGKILL
2024-12-05 20:39:34.578811 - Seleccionando contenedor selectidnameaction_0 para matar...
2024-12-05 20:39:34.761150 - Contenedor selectidnameaction_0 ha sido matado con SIGKILL
2024-12-05 20:39:44.842708 - Seleccionando contenedor groupertopreviewspositiveindie para matar...
2024-12-05 20:39:45.062910 - Contenedor groupertopreviewspositiveindie ha sido matado con SIGKILL
2024-12-05 20:39:55.150440 - Seleccionando contenedor selectq2345_1 para matar...
2024-12-05 20:39:55.385535 - Contenedor selectq2345_1 ha sido matado con SIGKILL
2024-12-05 20:40:05.424413 - Seleccionando contenedor monitorstorageq3 para matar...
2024-12-05 20:40:05.594888 - Contenedor monitorstorageq3 ha sido matado con SIGKILL
2024-12-05 20:40:15.630583 - Seleccionando contenedor medic_3 para matar...
2024-12-05 20:40:15.792485 - Contenedor medic_3 ha sido matado con SIGKILL
2024-12-05 20:40:25.820184 - Seleccionando contenedor selectq1_1 para matar...
2024-12-05 20:40:25.974893 - Contenedor selectq1_1 ha sido matado con SIGKILL
2024-12-05 20:40:36.006457 - Seleccionando contenedor platformcounter_1 para matar...
2024-12-05 20:40:36.192829 - Contenedor platformcounter_1 ha sido matado con SIGKILL
2024-12-05 20:40:46.229577 - Seleccionando contenedor monitorstorageq3 para matar...
2024-12-05 20:40:46.389460 - Contenedor monitorstorageq3 ha sido matado con SIGKILL
2024-12-05 20:40:56.494199 - Seleccionando contenedor filterscorenegative_0 para matar...
2024-12-05 20:40:57.143744 - Contenedor filterscorenegative_0 ha sido matado con SIGKILL
2024-12-05 20:41:07.255006 - Seleccionando contenedor monitorstorageq5 para matar...
2024-12-05 20:41:07.974507 - Contenedor monitorstorageq5 ha sido matado con SIGKILL
2024-12-05 20:41:18.085009 - Seleccionando contenedor filterscorepositive_1 para matar...
2024-12-05 20:41:18.803006 - Contenedor filterscorepositive_1 ha sido matado con SIGKILL
2024-12-05 20:41:28.869719 - Seleccionando contenedor selectidnameindie_1 para matar...
2024-12-05 20:41:29.539432 - Contenedor selectidnameindie_1 ha sido matado con SIGKILL
2024-12-05 20:41:39.664661 - Seleccionando contenedor selectq1_1 para matar...
2024-12-05 20:41:40.410495 - Contenedor selectq1_1 ha sido matado con SIGKILL
2024-12-05 20:41:50.551162 - Seleccionando contenedor medic_1 para matar...
2024-12-05 20:41:51.590823 - Contenedor medic_1 ha sido matado con SIGKILL
2024-12-05 20:42:01.731088 - Seleccionando contenedor medic_0 para matar...
2024-12-05 20:42:02.596095 - Contenedor medic_0 ha sido matado con SIGKILL
2024-12-05 20:42:12.756022 - Seleccionando contenedor filterscorenegative_1 para matar...
2024-12-05 20:42:13.499823 - Contenedor filterscorenegative_1 ha sido matado con SIGKILL
2024-12-05 20:42:23.564338 - Seleccionando contenedor groupertopreviewspositiveindie para matar...
2024-12-05 20:42:24.281468 - Contenedor groupertopreviewspositiveindie ha sido matado con SIGKILL
2024-12-05 20:42:34.328524 - Seleccionando contenedor filterscorepositive_1 para matar...
2024-12-05 20:42:34.643200 - Contenedor filterscorepositive_1 ha sido matado con SIGKILL
2024-12-05 20:42:44.687816 - Seleccionando contenedor selectidnameaction_0 para matar...
2024-12-05 20:42:45.159006 - Contenedor selectidnameaction_0 ha sido matado con SIGKILL
2024-12-05 20:42:55.272222 - Seleccionando contenedor selectq1_1 para matar...
2024-12-05 20:42:55.831958 - Contenedor selectq1_1 ha sido matado con SIGKILL
2024-12-05 20:43:05.918110 - Seleccionando contenedor filterbasic_1 para matar...
2024-12-05 20:43:06.399133 - Contenedor filterbasic_1 ha sido matado con SIGKILL
2024-12-05 20:43:16.442320 - Seleccionando contenedor filterbasic_0 para matar...
2024-12-05 20:43:16.735018 - Contenedor filterbasic_0 ha sido matado con SIGKILL
2024-12-05 20:43:26.826038 - Seleccionando contenedor filterbasic_0 para matar...
2024-12-05 20:43:27.291635 - Contenedor filterbasic_0 ha sido matado con SIGKILL
2024-12-05 20:43:37.366668 - Seleccionando contenedor filterscorenegative_1 para matar...
2024-12-05 20:43:37.765516 - Contenedor filterscorenegative_1 ha sido matado con SIGKILL
2024-12-05 20:43:47.802203 - Seleccionando contenedor gateway para matar...
2024-12-05 20:43:48.067624 - Contenedor gateway ha sido matado con SIGKILL
2024-12-05 20:43:58.095848 - Seleccionando contenedor monitorstorageq5 para matar...
2024-12-05 20:43:58.296779 - Contenedor monitorstorageq5 ha sido matado con SIGKILL
2024-12-05 20:44:08.325308 - Seleccionando contenedor medic_0 para matar...
2024-12-05 20:44:08.495871 - Contenedor medic_0 ha sido matado con SIGKILL
2024-12-05 20:44:18.529594 - Seleccionando contenedor gateway para matar...
2024-12-05 20:44:18.756820 - Contenedor gateway ha sido matado con SIGKILL
2024-12-05 20:44:28.844545 - Seleccionando contenedor selectq1_1 para matar...
2024-12-05 20:44:29.017045 - Contenedor selectq1_1 ha sido matado con SIGKILL
2024-12-05 20:44:39.076232 - Seleccionando contenedor filtergender_1 para matar...
2024-12-05 20:44:39.238323 - Contenedor filtergender_1 ha sido matado con SIGKILL
2024-12-05 20:44:49.264506 - Seleccionando contenedor medic_0 para matar...
2024-12-05 20:44:49.420367 - Contenedor medic_0 ha sido matado con SIGKILL
2024-12-05 20:44:59.490537 - Seleccionando contenedor selectq2345_0 para matar...
2024-12-05 20:44:59.668003 - Contenedor selectq2345_0 ha sido matado con SIGKILL
2024-12-05 20:45:09.778242 - Seleccionando contenedor selectidnameaction_0 para matar...
2024-12-05 20:45:09.974337 - Contenedor selectidnameaction_0 ha sido matado con SIGKILL
2024-12-05 20:45:20.030510 - Seleccionando contenedor selectq1_1 para matar...
2024-12-05 20:45:20.268040 - Contenedor selectq1_1 ha sido matado con SIGKILL
2024-12-05 20:45:30.353662 - Seleccionando contenedor medic_3 para matar...
2024-12-05 20:45:30.564745 - Contenedor medic_3 ha sido matado con SIGKILL
2024-12-05 20:45:40.654632 - Seleccionando contenedor selectidnameindie_1 para matar...
2024-12-05 20:45:40.884202 - Contenedor selectidnameindie_1 ha sido matado con SIGKILL
2024-12-05 20:45:50.971972 - Seleccionando contenedor selectq2345_1 para matar...
2024-12-05 20:45:51.194684 - Contenedor selectq2345_1 ha sido matado con SIGKILL
2024-12-05 20:46:01.297526 - Seleccionando contenedor filterdecade_0 para matar...
2024-12-05 20:46:01.492793 - Contenedor filterdecade_0 ha sido matado con SIGKILL
2024-12-05 20:46:11.547172 - Seleccionando contenedor filterscorenegative_0 para matar...
2024-12-05 20:46:11.787939 - Contenedor filterscorenegative_0 ha sido matado con SIGKILL
2024-12-05 20:46:21.829021 - Seleccionando contenedor filterbasic_0 para matar...
2024-12-05 20:46:22.084196 - Contenedor filterbasic_0 ha sido matado con SIGKILL
2024-12-05 20:46:32.135526 - Seleccionando contenedor monitorstorageq4 para matar...
2024-12-05 20:46:32.380867 - Contenedor monitorstorageq4 ha sido matado con SIGKILL
2024-12-05 20:46:42.416539 - Seleccionando contenedor groupertopreviewspositiveindie para matar...
2024-12-05 20:46:42.649627 - Contenedor groupertopreviewspositiveindie ha sido matado con SIGKILL
2024-12-05 20:46:52.692682 - Seleccionando contenedor filterscorepositive_0 para matar...
2024-12-05 20:46:52.966478 - Contenedor filterscorepositive_0 ha sido matado con SIGKILL
2024-12-05 20:47:03.024840 - Seleccionando contenedor filterreviewenglish_0 para matar...
2024-12-05 20:47:03.312869 - Contenedor filterreviewenglish_0 ha sido matado con SIGKILL
2024-12-05 20:47:13.346844 - Seleccionando contenedor filterscorenegative_0 para matar...
2024-12-05 20:47:13.566784 - Contenedor filterscorenegative_0 ha sido matado con SIGKILL
2024-12-05 20:47:23.680744 - Seleccionando contenedor selectidnameindie_1 para matar...
2024-12-05 20:47:24.320087 - Contenedor selectidnameindie_1 ha sido matado con SIGKILL
2024-12-05 20:47:34.403659 - Seleccionando contenedor monitorstorageq4 para matar...
2024-12-05 20:47:34.987378 - Contenedor monitorstorageq4 ha sido matado con SIGKILL
2024-12-05 20:47:45.054732 - Seleccionando contenedor selectidnameaction_0 para matar...
2024-12-05 20:47:45.560455 - Contenedor selectidnameaction_0 ha sido matado con SIGKILL
2024-12-05 20:47:55.612104 - Seleccionando contenedor filterdecade_1 para matar...
2024-12-05 20:47:56.189522 - Contenedor filterdecade_1 ha sido matado con SIGKILL
2024-12-05 20:48:06.313214 - Seleccionando contenedor filterscorenegative_1 para matar...
2024-12-05 20:48:06.938496 - Contenedor filterscorenegative_1 ha sido matado con SIGKILL
2024-12-05 20:48:16.993523 - Seleccionando contenedor filterscorepositive_0 para matar...
2024-12-05 20:48:17.398605 - Contenedor filterscorepositive_0 ha sido matado con SIGKILL
2024-12-05 20:48:27.482781 - Seleccionando contenedor platformcounter_1 para matar...
2024-12-05 20:48:27.739391 - Contenedor platformcounter_1 ha sido matado con SIGKILL
2024-12-05 20:48:37.783342 - Seleccionando contenedor medic_2 para matar...
2024-12-05 20:48:38.058080 - Contenedor medic_2 ha sido matado con SIGKILL
2024-12-05 20:48:48.164598 - Seleccionando contenedor selectidnameindie_0 para matar...
2024-12-05 20:48:48.375479 - Contenedor selectidnameindie_0 ha sido matado con SIGKILL
2024-12-05 20:48:58.463345 - Seleccionando contenedor filterscorepositive_0 para matar...
2024-12-05 20:48:58.670243 - Contenedor filterscorepositive_0 ha sido matado con SIGKILL
2024-12-05 20:49:08.742715 - Seleccionando contenedor filterbasic_1 para matar...
2024-12-05 20:49:08.992672 - Contenedor filterbasic_1 ha sido matado con SIGKILL
2024-12-05 20:49:19.098765 - Seleccionando contenedor platformcounter_1 para matar...
2024-12-05 20:49:19.320007 - Contenedor platformcounter_1 ha sido matado con SIGKILL
2024-12-05 20:49:29.406015 - Seleccionando contenedor selectidnameaction_0 para matar...
2024-12-05 20:49:29.647823 - Contenedor selectidnameaction_0 ha sido matado con SIGKILL
2024-12-05 20:49:39.700668 - Seleccionando contenedor medic_0 para matar...
2024-12-05 20:49:39.907029 - Contenedor medic_0 ha sido matado con SIGKILL
2024-12-05 20:49:49.961270 - Seleccionando contenedor filterreviewenglish_0 para matar...
2024-12-05 20:49:50.186341 - Contenedor filterreviewenglish_0 ha sido matado con SIGKILL
2024-12-05 20:50:00.282236 - Seleccionando contenedor medic_2 para matar...
2024-12-05 20:50:00.478471 - Contenedor medic_2 ha sido matado con SIGKILL
2024-12-05 20:50:10.562176 - Seleccionando contenedor platformcounter_0 para matar...
2024-12-05 20:50:10.770784 - Contenedor platformcounter_0 ha sido matado con SIGKILL
2024-12-05 20:50:20.864850 - Seleccionando contenedor medic_0 para matar...
2024-12-05 20:50:21.092867 - Contenedor medic_0 ha sido matado con SIGKILL
2024-12-05 20:50:31.127891 - Seleccionando contenedor filterscorenegative_0 para matar...
2024-12-05 20:50:31.300168 - Contenedor filterscorenegative_0 ha sido matado con SIGKILL
2024-12-05 20:50:41.352322 - Seleccionando contenedor filterreviewenglish_0 para matar...
2024-12-05 20:50:41.563267 - Contenedor filterreviewenglish_0 ha sido matado con SIGKILL
2024-12-05 20:50:51.620121 - Seleccionando contenedor platformcounter_0 para matar...
2024-12-05 20:50:51.866232 - Contenedor platformcounter_0 ha sido matado con SIGKILL
2024-12-05 20:51:01.904076 - Seleccionando contenedor filterbasic_0 para matar...
2024-12-05 20:51:02.091691 - Contenedor filterbasic_0 ha sido matado con SIGKILL
2024-12-05 20:51:12.192065 - Seleccionando contenedor selectidnameindie_0 para matar...
2024-12-05 20:51:12.455248 - Contenedor selectidnameindie_0 ha sido matado con SIGKILL
2024-12-05 20:51:22.540997 - Seleccionando contenedor selectidnameindie_1 para matar...
2024-12-05 20:51:22.732754 - Contenedor selectidnameindie_1 ha sido matado con SIGKILL
2024-12-05 20:51:32.822224 - Seleccionando contenedor platformreducer para matar...
2024-12-05 20:51:33.004122 - Contenedor platformreducer ha sido matado con SIGKILL
2024-12-05 20:51:43.097813 - Seleccionando contenedor medic_3 para matar...
2024-12-05 20:51:43.294355 - Contenedor medic_3 ha sido matado con SIGKILL
2024-12-05 20:51:53.395877 - Seleccionando contenedor selectidnameaction_1 para matar...
2024-12-05 20:51:53.571803 - Contenedor selectidnameaction_1 ha sido matado con SIGKILL
2024-12-05 20:52:03.672651 - Seleccionando contenedor selectidnameaction_0 para matar...
2024-12-05 20:52:03.855920 - Contenedor selectidnameaction_0 ha sido matado con SIGKILL
2024-12-05 20:52:13.926504 - Seleccionando contenedor medic_1 para matar...
2024-12-05 20:52:14.110751 - Contenedor medic_1 ha sido matado con SIGKILL
2024-12-05 20:52:24.191717 - Seleccionando contenedor filtergender_0 para matar...
2024-12-05 20:52:24.402746 - Contenedor filtergender_0 ha sido matado con SIGKILL
2024-12-05 20:52:34.491178 - Seleccionando contenedor filtergender_1 para matar...
2024-12-05 20:52:34.689576 - Contenedor filtergender_1 ha sido matado con SIGKILL
2024-12-05 20:52:44.740498 - Seleccionando contenedor groupertopreviewspositiveindie para matar...
2024-12-05 20:52:44.928071 - Contenedor groupertopreviewspositiveindie ha sido matado con SIGKILL
2024-12-05 20:52:54.964297 - Seleccionando contenedor selectq1_0 para matar...
2024-12-05 20:52:55.156158 - Contenedor selectq1_0 ha sido matado con SIGKILL
2024-12-05 20:53:05.204733 - Seleccionando contenedor selectq2345_1 para matar...
2024-12-05 20:53:05.425695 - Contenedor selectq2345_1 ha sido matado con SIGKILL
2024-12-05 20:53:15.484649 - Seleccionando contenedor filterbasic_0 para matar...
2024-12-05 20:53:15.680245 - Contenedor filterbasic_0 ha sido matado con SIGKILL
2024-12-05 20:53:25.767580 - Seleccionando contenedor filterscorenegative_0 para matar...
2024-12-05 20:53:25.964282 - Contenedor filterscorenegative_0 ha sido matado con SIGKILL
2024-12-05 20:53:36.056628 - Seleccionando contenedor selectq2345_0 para matar...
2024-12-05 20:53:36.341036 - Contenedor selectq2345_0 ha sido matado con SIGKILL
2024-12-05 20:53:46.408388 - Seleccionando contenedor medic_2 para matar...
2024-12-05 20:53:46.638125 - Contenedor medic_2 ha sido matado con SIGKILL
2024-12-05 20:53:56.724387 - Seleccionando contenedor selectidnameaction_0 para matar...
2024-12-05 20:53:56.955564 - Contenedor selectidnameaction_0 ha sido matado con SIGKILL
2024-12-05 20:54:07.053876 - Seleccionando contenedor monitorstorageq4 para matar...
2024-12-05 20:54:07.332451 - Contenedor monitorstorageq4 ha sido matado con SIGKILL
2024-12-05 20:54:17.418827 - Seleccionando contenedor filterscorenegative_0 para matar...
2024-12-05 20:54:17.636670 - Contenedor filterscorenegative_0 ha sido matado con SIGKILL
2024-12-05 20:54:27.720342 - Seleccionando contenedor filterbasic_0 para matar...
2024-12-05 20:54:27.864459 - Contenedor filterbasic_0 ha sido matado con SIGKILL
2024-12-05 20:54:37.988759 - Seleccionando contenedor filterbasic_1 para matar...
2024-12-05 20:54:38.222899 - Contenedor filterbasic_1 ha sido matado con SIGKILL
2024-12-05 20:54:48.270849 - Seleccionando contenedor selectq2345_1 para matar...
2024-12-05 20:54:48.466781 - Contenedor selectq2345_1 ha sido matado con SIGKILL
2024-12-05 20:54:58.588088 - Seleccionando contenedor filterscorenegative_0 para matar...
2024-12-05 20:54:58.820976 - Contenedor filterscorenegative_0 ha sido matado con SIGKILL
2024-12-05 20:55:08.938774 - Seleccionando contenedor filterdecade_0 para matar...
2024-12-05 20:55:09.149248 - Contenedor filterdecade_0 ha sido matado con SIGKILL
2024-12-05 20:55:19.176341 - Seleccionando contenedor selectq2345_1 para matar...
2024-12-05 20:55:19.396243 - Contenedor selectq2345_1 ha sido matado con SIGKILL
2024-12-05 20:55:29.451707 - Seleccionando contenedor filterdecade_0 para matar...
2024-12-05 20:55:29.663171 - Contenedor filterdecade_0 ha sido matado con SIGKILL
2024-12-05 20:55:39.720744 - Seleccionando contenedor gateway para matar...
2024-12-05 20:55:39.896325 - Contenedor gateway ha sido matado con SIGKILL
2024-12-05 20:55:49.987779 - Seleccionando contenedor medic_1 para matar...
2024-12-05 20:55:50.215368 - Contenedor medic_1 ha sido matado con SIGKILL
2024-12-05 20:56:00.264519 - Seleccionando contenedor platformreducer para matar...
2024-12-05 20:56:00.438608 - Contenedor platformreducer ha sido matado con SIGKILL
2024-12-05 20:56:10.497160 - Seleccionando contenedor filterscorenegative_1 para matar...
2024-12-05 20:56:10.793205 - Contenedor filterscorenegative_1 ha sido matado con SIGKILL
2024-12-05 20:56:20.896354 - Seleccionando contenedor platformcounter_0 para matar...
2024-12-05 20:56:21.143050 - Contenedor platformcounter_0 ha sido matado con SIGKILL
2024-12-05 20:56:31.228545 - Seleccionando contenedor filterbasic_0 para matar...
2024-12-05 20:56:31.477033 - Contenedor filterbasic_0 ha sido matado con SIGKILL
2024-12-05 20:56:41.571325 - Seleccionando contenedor platformreducer para matar...
2024-12-05 20:56:41.794474 - Contenedor platformreducer ha sido matado con SIGKILL
2024-12-05 20:56:51.893896 - Seleccionando contenedor selectq2345_1 para matar...
2024-12-05 20:56:52.111843 - Contenedor selectq2345_1 ha sido matado con SIGKILL
2024-12-05 20:57:02.163521 - Seleccionando contenedor selectidnameindie_1 para matar...
2024-12-05 20:57:02.337312 - Contenedor selectidnameindie_1 ha sido matado con SIGKILL
2024-12-05 20:57:12.426869 - Seleccionando contenedor groupertopaverageplaytime para matar...
2024-12-05 20:57:12.702559 - Contenedor groupertopaverageplaytime ha sido matado con SIGKILL
2024-12-05 20:57:22.786168 - Seleccionando contenedor filtergender_1 para matar...
2024-12-05 20:57:23.006958 - Contenedor filtergender_1 ha sido matado con SIGKILL
2024-12-05 20:57:33.097779 - Seleccionando contenedor filterbasic_0 para matar...
2024-12-05 20:57:33.272717 - Contenedor filterbasic_0 ha sido matado con SIGKILL
2024-12-05 20:57:43.360103 - Seleccionando contenedor filtergender_0 para matar...
2024-12-05 20:57:43.613588 - Contenedor filtergender_0 ha sido matado con SIGKILL
2024-12-05 20:57:53.673815 - Seleccionando contenedor groupertopaverageplaytime para matar...
2024-12-05 20:57:53.966067 - Contenedor groupertopaverageplaytime ha sido matado con SIGKILL
2024-12-05 20:58:04.045331 - Seleccionando contenedor medic_0 para matar...
2024-12-05 20:58:04.253037 - Contenedor medic_0 ha sido matado con SIGKILL
2024-12-05 20:58:14.282931 - Seleccionando contenedor filterdecade_1 para matar...
2024-12-05 20:58:14.428443 - Contenedor filterdecade_1 ha sido matado con SIGKILL
2024-12-05 20:58:24.498663 - Seleccionando contenedor filterdecade_0 para matar...
2024-12-05 20:58:24.660297 - Contenedor filterdecade_0 ha sido matado con SIGKILL
2024-12-05 20:58:34.686875 - Seleccionando contenedor platformcounter_0 para matar...
2024-12-05 20:58:34.823948 - Contenedor platformcounter_0 ha sido matado con SIGKILL
2024-12-05 20:58:44.875175 - Seleccionando contenedor selectidnameaction_1 para matar...
2024-12-05 20:58:45.020816 - Contenedor selectidnameaction_1 ha sido matado con SIGKILL
2024-12-05 20:58:55.050146 - Seleccionando contenedor medic_0 para matar...
2024-12-05 20:58:55.207748 - Contenedor medic_0 ha sido matado con SIGKILL
2024-12-05 20:59:05.259197 - Seleccionando contenedor filterbasic_0 para matar...
2024-12-05 20:59:05.390681 - Contenedor filterbasic_0 ha sido matado con SIGKILL
2024-12-05 20:59:15.458978 - Seleccionando contenedor selectidnameindie_0 para matar...
2024-12-05 20:59:15.587466 - Contenedor selectidnameindie_0 ha sido matado con SIGKILL
2024-12-05 20:59:25.666698 - Seleccionando contenedor filterdecade_0 para matar...
2024-12-05 20:59:25.839097 - Contenedor filterdecade_0 ha sido matado con SIGKILL
2024-12-05 20:59:35.876156 - Seleccionando contenedor platformcounter_0 para matar...
2024-12-05 20:59:36.013446 - Contenedor platformcounter_0 ha sido matado con SIGKILL
2024-12-05 20:59:46.086716 - Seleccionando contenedor monitorstorageq3 para matar...
2024-12-05 20:59:46.242401 - Contenedor monitorstorageq3 ha sido matado con SIGKILL
2024-12-05 20:59:56.326259 - Seleccionando contenedor platformreducer para matar...
2024-12-05 20:59:56.616264 - Contenedor platformreducer ha sido matado con SIGKILL
2024-12-05 21:00:06.668726 - Seleccionando contenedor filtergender_0 para matar...
2024-12-05 21:00:06.812877 - Contenedor filtergender_0 ha sido matado con SIGKILL
2024-12-05 21:00:16.884604 - Seleccionando contenedor groupertopreviewspositiveindie para matar...
2024-12-05 21:00:17.009733 - Contenedor groupertopreviewspositiveindie ha sido matado con SIGKILL
2024-12-05 21:00:27.047490 - Seleccionando contenedor gateway para matar...
2024-12-05 21:00:27.230688 - Contenedor gateway ha sido matado con SIGKILL
2024-12-05 21:00:37.283782 - Seleccionando contenedor platformreducer para matar...
2024-12-05 21:00:37.406462 - Contenedor platformreducer ha sido matado con SIGKILL
2024-12-05 21:00:47.458430 - Seleccionando contenedor selectidnameaction_1 para matar...
2024-12-05 21:00:47.649551 - Contenedor selectidnameaction_1 ha sido matado con SIGKILL
2024-12-05 21:00:57.692908 - Seleccionando contenedor filterscorepositive_0 para matar...
2024-12-05 21:00:57.841089 - Contenedor filterscorepositive_0 ha sido matado con SIGKILL
2024-12-05 21:01:07.909865 - Seleccionando contenedor filterdecade_1 para matar...
2024-12-05 21:01:08.052133 - Contenedor filterdecade_1 ha sido matado con SIGKILL
2024-12-05 21:01:18.129672 - Seleccionando contenedor filterdecade_1 para matar...
2024-12-05 21:01:18.251243 - Contenedor filterdecade_1 ha sido matado con SIGKILL
2024-12-05 21:01:28.305503 - Seleccionando contenedor groupertopreviewspositiveindie para matar...
2024-12-05 21:01:28.457754 - Contenedor groupertopreviewspositiveindie ha sido matado con SIGKILL
2024-12-05 21:01:38.501930 - Seleccionando contenedor selectidnameindie_1 para matar...
2024-12-05 21:01:38.644650 - Contenedor selectidnameindie_1 ha sido matado con SIGKILL
2024-12-05 21:01:48.730547 - Seleccionando contenedor medic_3 para matar...
2024-12-05 21:01:49.012334 - Contenedor medic_3 ha sido matado con SIGKILL
2024-12-05 21:01:59.039783 - Seleccionando contenedor medic_1 para matar...
2024-12-05 21:01:59.174178 - Contenedor medic_1 ha sido matado con SIGKILL
2024-12-05 21:02:09.238635 - Seleccionando contenedor groupertopreviewspositiveindie para matar...
2024-12-05 21:02:09.367795 - Contenedor groupertopreviewspositiveindie ha sido matado con SIGKILL
2024-12-05 21:02:19.436648 - Seleccionando contenedor filtergender_0 para matar...
2024-12-05 21:02:19.577774 - Contenedor filtergender_0 ha sido matado con SIGKILL
2024-12-05 21:02:29.630708 - Seleccionando contenedor groupertopaverageplaytime para matar...
2024-12-05 21:02:29.863358 - Contenedor groupertopaverageplaytime ha sido matado con SIGKILL
2024-12-05 21:02:39.935768 - Seleccionando contenedor filtergender_0 para matar...
2024-12-05 21:02:40.122887 - Contenedor filtergender_0 ha sido matado con SIGKILL
2024-12-05 21:02:50.176903 - Seleccionando contenedor filterscorepositive_1 para matar...
2024-12-05 21:02:50.320395 - Contenedor filterscorepositive_1 ha sido matado con SIGKILL
2024-12-05 21:03:00.371821 - Seleccionando contenedor filterscorepositive_0 para matar...
2024-12-05 21:03:00.560657 - Contenedor filterscorepositive_0 ha sido matado con SIGKILL
2024-12-05 21:03:10.628446 - Seleccionando contenedor filterreviewenglish_0 para matar...
2024-12-05 21:03:10.768341 - Contenedor filterreviewenglish_0 ha sido matado con SIGKILL
